{"/Users/aurimas.darguzis/Documents/Projects/test/react-testing-library/src/api.js": {"path":"/Users/aurimas.darguzis/Documents/Projects/test/react-testing-library/src/api.js","statementMap":{"0":{"start":{"line":4,"column":14},"end":{"line":7,"column":4}},"1":{"start":{"line":5,"column":2},"end":{"line":7,"column":4}},"2":{"start":{"line":6,"column":4},"end":{"line":6,"column":29}},"3":{"start":{"line":10,"column":2},"end":{"line":10,"column":19}},"4":{"start":{"line":11,"column":2},"end":{"line":11,"column":33}},"5":{"start":{"line":14,"column":18},"end":{"line":14,"column":77}},"6":{"start":{"line":17,"column":2},"end":{"line":17,"column":72}},"7":{"start":{"line":21,"column":2},"end":{"line":21,"column":19}},"8":{"start":{"line":22,"column":2},"end":{"line":22,"column":64}},"9":{"start":{"line":28,"column":2},"end":{"line":28,"column":19}},"10":{"start":{"line":29,"column":2},"end":{"line":29,"column":24}}},"fnMap":{"0":{"name":"(anonymous_0)","decl":{"start":{"line":4,"column":14},"end":{"line":4,"column":15}},"loc":{"start":{"line":5,"column":2},"end":{"line":7,"column":4}},"line":5},"1":{"name":"(anonymous_1)","decl":{"start":{"line":5,"column":14},"end":{"line":5,"column":15}},"loc":{"start":{"line":5,"column":25},"end":{"line":7,"column":3}},"line":5},"2":{"name":"savePost","decl":{"start":{"line":9,"column":15},"end":{"line":9,"column":23}},"loc":{"start":{"line":9,"column":34},"end":{"line":12,"column":1}},"line":9},"3":{"name":"loadGreeting","decl":{"start":{"line":16,"column":15},"end":{"line":16,"column":27}},"loc":{"start":{"line":16,"column":37},"end":{"line":18,"column":1}},"line":16},"4":{"name":"fetchRandomGreeting","decl":{"start":{"line":20,"column":15},"end":{"line":20,"column":34}},"loc":{"start":{"line":20,"column":37},"end":{"line":23,"column":1}},"line":20},"5":{"name":"reportError","decl":{"start":{"line":27,"column":15},"end":{"line":27,"column":26}},"loc":{"start":{"line":27,"column":29},"end":{"line":30,"column":1}},"line":27}},"branchMap":{},"s":{"0":1,"1":0,"2":0,"3":0,"4":0,"5":1,"6":0,"7":0,"8":0,"9":0,"10":0},"f":{"0":0,"1":0,"2":0,"3":0,"4":0,"5":0},"b":{},"_coverageSchema":"332fd63041d2c1bcb487cc26dd0d5f7d97098a6c","hash":"d1768d2bf4447b18d751b8b91c1db341b8c2f5fe"}
,"/Users/aurimas.darguzis/Documents/Projects/test/react-testing-library/src/countdown.js": {"path":"/Users/aurimas.darguzis/Documents/Projects/test/react-testing-library/src/countdown.js","statementMap":{"0":{"start":{"line":6,"column":16},"end":{"line":6,"column":53}},"1":{"start":{"line":7,"column":4},"end":{"line":17,"column":6}},"2":{"start":{"line":8,"column":28},"end":{"line":8,"column":44}},"3":{"start":{"line":9,"column":6},"end":{"line":16,"column":7}},"4":{"start":{"line":10,"column":8},"end":{"line":10,"column":36}},"5":{"start":{"line":11,"column":8},"end":{"line":11,"column":41}},"6":{"start":{"line":13,"column":8},"end":{"line":15,"column":10}},"7":{"start":{"line":20,"column":4},"end":{"line":20,"column":32}},"8":{"start":{"line":23,"column":4},"end":{"line":23,"column":35}}},"fnMap":{"0":{"name":"(anonymous_0)","decl":{"start":{"line":5,"column":2},"end":{"line":5,"column":3}},"loc":{"start":{"line":5,"column":22},"end":{"line":18,"column":3}},"line":5},"1":{"name":"(anonymous_1)","decl":{"start":{"line":7,"column":32},"end":{"line":7,"column":33}},"loc":{"start":{"line":7,"column":38},"end":{"line":17,"column":5}},"line":7},"2":{"name":"(anonymous_2)","decl":{"start":{"line":19,"column":2},"end":{"line":19,"column":3}},"loc":{"start":{"line":19,"column":25},"end":{"line":21,"column":3}},"line":19},"3":{"name":"(anonymous_3)","decl":{"start":{"line":22,"column":2},"end":{"line":22,"column":3}},"loc":{"start":{"line":22,"column":11},"end":{"line":24,"column":3}},"line":22}},"branchMap":{"0":{"loc":{"start":{"line":9,"column":6},"end":{"line":16,"column":7}},"type":"if","locations":[{"start":{"line":9,"column":6},"end":{"line":16,"column":7}},{"start":{"line":9,"column":6},"end":{"line":16,"column":7}}],"line":9}},"s":{"0":1,"1":1,"2":0,"3":0,"4":0,"5":0,"6":0,"7":1,"8":1},"f":{"0":1,"1":0,"2":1,"3":1},"b":{"0":[0,0]},"_coverageSchema":"332fd63041d2c1bcb487cc26dd0d5f7d97098a6c","hash":"d61985c1fe3e0dc45045cef4c00a6935c8b0f025"}
,"/Users/aurimas.darguzis/Documents/Projects/test/react-testing-library/src/error-boundary.js": {"path":"/Users/aurimas.darguzis/Documents/Projects/test/react-testing-library/src/error-boundary.js","statementMap":{"0":{"start":{"line":7,"column":4},"end":{"line":7,"column":35}},"1":{"start":{"line":8,"column":4},"end":{"line":8,"column":28}},"2":{"start":{"line":10,"column":19},"end":{"line":10,"column":51}},"3":{"start":{"line":12,"column":4},"end":{"line":19,"column":5}}},"fnMap":{"0":{"name":"(anonymous_0)","decl":{"start":{"line":6,"column":2},"end":{"line":6,"column":3}},"loc":{"start":{"line":6,"column":33},"end":{"line":9,"column":3}},"line":6},"1":{"name":"(anonymous_1)","decl":{"start":{"line":10,"column":13},"end":{"line":10,"column":14}},"loc":{"start":{"line":10,"column":19},"end":{"line":10,"column":51}},"line":10},"2":{"name":"(anonymous_2)","decl":{"start":{"line":11,"column":2},"end":{"line":11,"column":3}},"loc":{"start":{"line":11,"column":11},"end":{"line":20,"column":3}},"line":11}},"branchMap":{"0":{"loc":{"start":{"line":12,"column":11},"end":{"line":19,"column":5}},"type":"cond-expr","locations":[{"start":{"line":13,"column":6},"end":{"line":16,"column":12}},{"start":{"line":18,"column":6},"end":{"line":18,"column":25}}],"line":12}},"s":{"0":1,"1":1,"2":1,"3":5},"f":{"0":1,"1":1,"2":5},"b":{"0":[2,3]},"_coverageSchema":"332fd63041d2c1bcb487cc26dd0d5f7d97098a6c","hash":"896ed674b5a4eaa85a90191254d430d8d8ef8bad"}
,"/Users/aurimas.darguzis/Documents/Projects/test/react-testing-library/src/favorite-number.js": {"path":"/Users/aurimas.darguzis/Documents/Projects/test/react-testing-library/src/favorite-number.js","statementMap":{"0":{"start":{"line":7,"column":4},"end":{"line":7,"column":76}},"1":{"start":{"line":10,"column":36},"end":{"line":10,"column":46}},"2":{"start":{"line":11,"column":23},"end":{"line":11,"column":33}},"3":{"start":{"line":12,"column":20},"end":{"line":12,"column":70}},"4":{"start":{"line":13,"column":4},"end":{"line":26,"column":5}}},"fnMap":{"0":{"name":"(anonymous_0)","decl":{"start":{"line":6,"column":17},"end":{"line":6,"column":18}},"loc":{"start":{"line":6,"column":26},"end":{"line":8,"column":3}},"line":6},"1":{"name":"(anonymous_1)","decl":{"start":{"line":9,"column":2},"end":{"line":9,"column":3}},"loc":{"start":{"line":9,"column":11},"end":{"line":27,"column":3}},"line":9}},"branchMap":{"0":{"loc":{"start":{"line":12,"column":20},"end":{"line":12,"column":70}},"type":"binary-expr","locations":[{"start":{"line":12,"column":20},"end":{"line":12,"column":34}},{"start":{"line":12,"column":39},"end":{"line":12,"column":52}},{"start":{"line":12,"column":56},"end":{"line":12,"column":69}}],"line":12},"1":{"loc":{"start":{"line":22,"column":9},"end":{"line":24,"column":9}},"type":"cond-expr","locations":[{"start":{"line":22,"column":19},"end":{"line":22,"column":23}},{"start":{"line":23,"column":10},"end":{"line":23,"column":70}}],"line":22}},"s":{"0":3,"1":16,"2":16,"3":16,"4":16},"f":{"0":3,"1":16},"b":{"0":[16,4,4],"1":[13,3]},"_coverageSchema":"332fd63041d2c1bcb487cc26dd0d5f7d97098a6c","hash":"4372a2b0728bb82356217a817e73848c766de974"}
,"/Users/aurimas.darguzis/Documents/Projects/test/react-testing-library/src/greeting-loader-01-mocking.js": {"path":"/Users/aurimas.darguzis/Documents/Projects/test/react-testing-library/src/greeting-loader-01-mocking.js","statementMap":{"0":{"start":{"line":8,"column":4},"end":{"line":8,"column":22}},"1":{"start":{"line":9,"column":19},"end":{"line":9,"column":66}},"2":{"start":{"line":10,"column":4},"end":{"line":10,"column":44}},"3":{"start":{"line":13,"column":4},"end":{"line":20,"column":5}}},"fnMap":{"0":{"name":"(anonymous_0)","decl":{"start":{"line":7,"column":25},"end":{"line":7,"column":26}},"loc":{"start":{"line":7,"column":36},"end":{"line":11,"column":3}},"line":7},"1":{"name":"(anonymous_1)","decl":{"start":{"line":12,"column":2},"end":{"line":12,"column":3}},"loc":{"start":{"line":12,"column":11},"end":{"line":21,"column":3}},"line":12}},"branchMap":{},"s":{"0":2,"1":2,"2":2,"3":4},"f":{"0":2,"1":4},"b":{},"_coverageSchema":"332fd63041d2c1bcb487cc26dd0d5f7d97098a6c","hash":"fb8e7fff931c9d031a846ac3917d0cc613cdb6df"}
,"/Users/aurimas.darguzis/Documents/Projects/test/react-testing-library/src/greeting-loader-02-dependency-injection.js": {"path":"/Users/aurimas.darguzis/Documents/Projects/test/react-testing-library/src/greeting-loader-02-dependency-injection.js","statementMap":{"0":{"start":{"line":9,"column":4},"end":{"line":9,"column":22}},"1":{"start":{"line":10,"column":19},"end":{"line":10,"column":77}},"2":{"start":{"line":11,"column":4},"end":{"line":11,"column":44}},"3":{"start":{"line":14,"column":4},"end":{"line":21,"column":5}}},"fnMap":{"0":{"name":"(anonymous_0)","decl":{"start":{"line":8,"column":25},"end":{"line":8,"column":26}},"loc":{"start":{"line":8,"column":36},"end":{"line":12,"column":3}},"line":8},"1":{"name":"(anonymous_1)","decl":{"start":{"line":13,"column":2},"end":{"line":13,"column":3}},"loc":{"start":{"line":13,"column":11},"end":{"line":22,"column":3}},"line":13}},"branchMap":{},"s":{"0":1,"1":1,"2":1,"3":2},"f":{"0":1,"1":2},"b":{},"_coverageSchema":"332fd63041d2c1bcb487cc26dd0d5f7d97098a6c","hash":"acfa46733c4d3e56403a0305ff25888331bdc315"}
,"/Users/aurimas.darguzis/Documents/Projects/test/react-testing-library/src/hidden-message.js": {"path":"/Users/aurimas.darguzis/Documents/Projects/test/react-testing-library/src/hidden-message.js","statementMap":{"0":{"start":{"line":5,"column":2},"end":{"line":9,"column":3}},"1":{"start":{"line":15,"column":4},"end":{"line":15,"column":46}},"2":{"start":{"line":15,"column":31},"end":{"line":15,"column":44}},"3":{"start":{"line":18,"column":4},"end":{"line":25,"column":5}}},"fnMap":{"0":{"name":"Fade","decl":{"start":{"line":4,"column":9},"end":{"line":4,"column":13}},"loc":{"start":{"line":4,"column":36},"end":{"line":10,"column":1}},"line":4},"1":{"name":"(anonymous_1)","decl":{"start":{"line":14,"column":11},"end":{"line":14,"column":12}},"loc":{"start":{"line":14,"column":17},"end":{"line":16,"column":3}},"line":14},"2":{"name":"(anonymous_2)","decl":{"start":{"line":15,"column":18},"end":{"line":15,"column":19}},"loc":{"start":{"line":15,"column":31},"end":{"line":15,"column":44}},"line":15},"3":{"name":"(anonymous_3)","decl":{"start":{"line":17,"column":2},"end":{"line":17,"column":3}},"loc":{"start":{"line":17,"column":11},"end":{"line":26,"column":3}},"line":17}},"branchMap":{},"s":{"0":3,"1":2,"2":2,"3":3},"f":{"0":3,"1":2,"2":2,"3":3},"b":{},"_coverageSchema":"332fd63041d2c1bcb487cc26dd0d5f7d97098a6c","hash":"3c54baa737e3c600707d4c8fa4bf5a5f12df1f6c"}
,"/Users/aurimas.darguzis/Documents/Projects/test/react-testing-library/src/main.js": {"path":"/Users/aurimas.darguzis/Documents/Projects/test/react-testing-library/src/main.js","statementMap":{"0":{"start":{"line":4,"column":14},"end":{"line":6,"column":1}},"1":{"start":{"line":5,"column":2},"end":{"line":5,"column":65}},"2":{"start":{"line":7,"column":13},"end":{"line":7,"column":68}},"3":{"start":{"line":7,"column":19},"end":{"line":7,"column":68}},"4":{"start":{"line":8,"column":16},"end":{"line":8,"column":71}},"5":{"start":{"line":8,"column":22},"end":{"line":8,"column":71}},"6":{"start":{"line":11,"column":2},"end":{"line":21,"column":3}}},"fnMap":{"0":{"name":"(anonymous_0)","decl":{"start":{"line":4,"column":14},"end":{"line":4,"column":15}},"loc":{"start":{"line":5,"column":2},"end":{"line":5,"column":65}},"line":5},"1":{"name":"(anonymous_1)","decl":{"start":{"line":7,"column":13},"end":{"line":7,"column":14}},"loc":{"start":{"line":7,"column":19},"end":{"line":7,"column":68}},"line":7},"2":{"name":"(anonymous_2)","decl":{"start":{"line":8,"column":16},"end":{"line":8,"column":17}},"loc":{"start":{"line":8,"column":22},"end":{"line":8,"column":71}},"line":8},"3":{"name":"Main","decl":{"start":{"line":10,"column":9},"end":{"line":10,"column":13}},"loc":{"start":{"line":10,"column":16},"end":{"line":22,"column":1}},"line":10}},"branchMap":{},"s":{"0":3,"1":3,"2":3,"3":3,"4":3,"5":2,"6":8},"f":{"0":3,"1":3,"2":2,"3":8},"b":{},"_coverageSchema":"332fd63041d2c1bcb487cc26dd0d5f7d97098a6c","hash":"0ed74218cd67a7135909f3675ff90945b8595733"}
,"/Users/aurimas.darguzis/Documents/Projects/test/react-testing-library/src/modal.js": {"path":"/Users/aurimas.darguzis/Documents/Projects/test/react-testing-library/src/modal.js","statementMap":{"0":{"start":{"line":4,"column":16},"end":{"line":4,"column":53}},"1":{"start":{"line":5,"column":0},"end":{"line":9,"column":1}},"2":{"start":{"line":6,"column":2},"end":{"line":6,"column":43}},"3":{"start":{"line":7,"column":2},"end":{"line":7,"column":44}},"4":{"start":{"line":8,"column":2},"end":{"line":8,"column":38}},"5":{"start":{"line":17,"column":4},"end":{"line":17,"column":34}},"6":{"start":{"line":20,"column":4},"end":{"line":20,"column":34}},"7":{"start":{"line":23,"column":4},"end":{"line":23,"column":62}}},"fnMap":{"0":{"name":"(anonymous_0)","decl":{"start":{"line":16,"column":2},"end":{"line":16,"column":3}},"loc":{"start":{"line":16,"column":22},"end":{"line":18,"column":3}},"line":16},"1":{"name":"(anonymous_1)","decl":{"start":{"line":19,"column":2},"end":{"line":19,"column":3}},"loc":{"start":{"line":19,"column":25},"end":{"line":21,"column":3}},"line":19},"2":{"name":"(anonymous_2)","decl":{"start":{"line":22,"column":2},"end":{"line":22,"column":3}},"loc":{"start":{"line":22,"column":11},"end":{"line":24,"column":3}},"line":22}},"branchMap":{"0":{"loc":{"start":{"line":5,"column":0},"end":{"line":9,"column":1}},"type":"if","locations":[{"start":{"line":5,"column":0},"end":{"line":9,"column":1}},{"start":{"line":5,"column":0},"end":{"line":9,"column":1}}],"line":5}},"s":{"0":1,"1":1,"2":1,"3":1,"4":1,"5":1,"6":1,"7":1},"f":{"0":1,"1":1,"2":1},"b":{"0":[1,0]},"_coverageSchema":"332fd63041d2c1bcb487cc26dd0d5f7d97098a6c","hash":"b4b5fd1415fb1498ece7b0872a21b0042307d179"}
,"/Users/aurimas.darguzis/Documents/Projects/test/react-testing-library/src/post-editor-01-markup.js": {"path":"/Users/aurimas.darguzis/Documents/Projects/test/react-testing-library/src/post-editor-01-markup.js","statementMap":{"0":{"start":{"line":5,"column":4},"end":{"line":18,"column":5}}},"fnMap":{"0":{"name":"(anonymous_0)","decl":{"start":{"line":4,"column":2},"end":{"line":4,"column":3}},"loc":{"start":{"line":4,"column":11},"end":{"line":19,"column":3}},"line":4}},"branchMap":{},"s":{"0":1},"f":{"0":1},"b":{},"_coverageSchema":"332fd63041d2c1bcb487cc26dd0d5f7d97098a6c","hash":"3785c3c05ed65415d5c53a2bcd780db250f2eacd"}
,"/Users/aurimas.darguzis/Documents/Projects/test/react-testing-library/src/post-editor-02-state.js": {"path":"/Users/aurimas.darguzis/Documents/Projects/test/react-testing-library/src/post-editor-02-state.js","statementMap":{"0":{"start":{"line":6,"column":4},"end":{"line":6,"column":22}},"1":{"start":{"line":7,"column":4},"end":{"line":7,"column":35}},"2":{"start":{"line":10,"column":4},"end":{"line":25,"column":5}}},"fnMap":{"0":{"name":"(anonymous_0)","decl":{"start":{"line":5,"column":17},"end":{"line":5,"column":18}},"loc":{"start":{"line":5,"column":22},"end":{"line":8,"column":3}},"line":5},"1":{"name":"(anonymous_1)","decl":{"start":{"line":9,"column":2},"end":{"line":9,"column":3}},"loc":{"start":{"line":9,"column":11},"end":{"line":26,"column":3}},"line":9}},"branchMap":{},"s":{"0":1,"1":1,"2":2},"f":{"0":1,"1":2},"b":{},"_coverageSchema":"332fd63041d2c1bcb487cc26dd0d5f7d97098a6c","hash":"d2c321eb7ed04032a05e926df3d96fc81defccfc"}
,"/Users/aurimas.darguzis/Documents/Projects/test/react-testing-library/src/post-editor-03-api.js": {"path":"/Users/aurimas.darguzis/Documents/Projects/test/react-testing-library/src/post-editor-03-api.js","statementMap":{"0":{"start":{"line":7,"column":4},"end":{"line":7,"column":22}},"1":{"start":{"line":8,"column":35},"end":{"line":8,"column":52}},"2":{"start":{"line":9,"column":20},"end":{"line":14,"column":5}},"3":{"start":{"line":12,"column":43},"end":{"line":12,"column":51}},"4":{"start":{"line":15,"column":4},"end":{"line":15,"column":35}},"5":{"start":{"line":16,"column":4},"end":{"line":16,"column":21}},"6":{"start":{"line":19,"column":4},"end":{"line":34,"column":5}}},"fnMap":{"0":{"name":"(anonymous_0)","decl":{"start":{"line":6,"column":17},"end":{"line":6,"column":18}},"loc":{"start":{"line":6,"column":22},"end":{"line":17,"column":3}},"line":6},"1":{"name":"(anonymous_1)","decl":{"start":{"line":12,"column":38},"end":{"line":12,"column":39}},"loc":{"start":{"line":12,"column":43},"end":{"line":12,"column":51}},"line":12},"2":{"name":"(anonymous_2)","decl":{"start":{"line":18,"column":2},"end":{"line":18,"column":3}},"loc":{"start":{"line":18,"column":11},"end":{"line":35,"column":3}},"line":18}},"branchMap":{},"s":{"0":1,"1":1,"2":1,"3":2,"4":1,"5":1,"6":2},"f":{"0":1,"1":2,"2":2},"b":{},"_coverageSchema":"332fd63041d2c1bcb487cc26dd0d5f7d97098a6c","hash":"e1853c3ea63125cb8e4dc64574a2b026fb9f7ec5"}
,"/Users/aurimas.darguzis/Documents/Projects/test/react-testing-library/src/post-editor-04-router-redirect.js": {"path":"/Users/aurimas.darguzis/Documents/Projects/test/react-testing-library/src/post-editor-04-router-redirect.js","statementMap":{"0":{"start":{"line":8,"column":4},"end":{"line":8,"column":22}},"1":{"start":{"line":9,"column":35},"end":{"line":9,"column":52}},"2":{"start":{"line":10,"column":20},"end":{"line":15,"column":5}},"3":{"start":{"line":13,"column":43},"end":{"line":13,"column":51}},"4":{"start":{"line":16,"column":4},"end":{"line":16,"column":35}},"5":{"start":{"line":17,"column":4},"end":{"line":17,"column":65}},"6":{"start":{"line":17,"column":33},"end":{"line":17,"column":64}},"7":{"start":{"line":20,"column":4},"end":{"line":22,"column":5}},"8":{"start":{"line":21,"column":6},"end":{"line":21,"column":32}},"9":{"start":{"line":23,"column":4},"end":{"line":38,"column":5}}},"fnMap":{"0":{"name":"(anonymous_0)","decl":{"start":{"line":7,"column":17},"end":{"line":7,"column":18}},"loc":{"start":{"line":7,"column":22},"end":{"line":18,"column":3}},"line":7},"1":{"name":"(anonymous_1)","decl":{"start":{"line":13,"column":38},"end":{"line":13,"column":39}},"loc":{"start":{"line":13,"column":43},"end":{"line":13,"column":51}},"line":13},"2":{"name":"(anonymous_2)","decl":{"start":{"line":17,"column":27},"end":{"line":17,"column":28}},"loc":{"start":{"line":17,"column":33},"end":{"line":17,"column":64}},"line":17},"3":{"name":"(anonymous_3)","decl":{"start":{"line":19,"column":2},"end":{"line":19,"column":3}},"loc":{"start":{"line":19,"column":11},"end":{"line":39,"column":3}},"line":19}},"branchMap":{"0":{"loc":{"start":{"line":20,"column":4},"end":{"line":22,"column":5}},"type":"if","locations":[{"start":{"line":20,"column":4},"end":{"line":22,"column":5}},{"start":{"line":20,"column":4},"end":{"line":22,"column":5}}],"line":20}},"s":{"0":1,"1":1,"2":1,"3":2,"4":1,"5":1,"6":1,"7":3,"8":1,"9":2},"f":{"0":1,"1":2,"2":1,"3":3},"b":{"0":[1,2]},"_coverageSchema":"332fd63041d2c1bcb487cc26dd0d5f7d97098a6c","hash":"6ddc28e787ad3812bc55b7e64562abba3980fce0"}
,"/Users/aurimas.darguzis/Documents/Projects/test/react-testing-library/src/post-editor-05-dates.js": {"path":"/Users/aurimas.darguzis/Documents/Projects/test/react-testing-library/src/post-editor-05-dates.js","statementMap":{"0":{"start":{"line":8,"column":4},"end":{"line":8,"column":22}},"1":{"start":{"line":9,"column":35},"end":{"line":9,"column":52}},"2":{"start":{"line":10,"column":20},"end":{"line":16,"column":5}},"3":{"start":{"line":13,"column":43},"end":{"line":13,"column":51}},"4":{"start":{"line":17,"column":4},"end":{"line":17,"column":35}},"5":{"start":{"line":18,"column":4},"end":{"line":18,"column":65}},"6":{"start":{"line":18,"column":33},"end":{"line":18,"column":64}},"7":{"start":{"line":21,"column":4},"end":{"line":23,"column":5}},"8":{"start":{"line":22,"column":6},"end":{"line":22,"column":32}},"9":{"start":{"line":24,"column":4},"end":{"line":39,"column":5}}},"fnMap":{"0":{"name":"(anonymous_0)","decl":{"start":{"line":7,"column":17},"end":{"line":7,"column":18}},"loc":{"start":{"line":7,"column":22},"end":{"line":19,"column":3}},"line":7},"1":{"name":"(anonymous_1)","decl":{"start":{"line":13,"column":38},"end":{"line":13,"column":39}},"loc":{"start":{"line":13,"column":43},"end":{"line":13,"column":51}},"line":13},"2":{"name":"(anonymous_2)","decl":{"start":{"line":18,"column":27},"end":{"line":18,"column":28}},"loc":{"start":{"line":18,"column":33},"end":{"line":18,"column":64}},"line":18},"3":{"name":"(anonymous_3)","decl":{"start":{"line":20,"column":2},"end":{"line":20,"column":3}},"loc":{"start":{"line":20,"column":11},"end":{"line":40,"column":3}},"line":20}},"branchMap":{"0":{"loc":{"start":{"line":21,"column":4},"end":{"line":23,"column":5}},"type":"if","locations":[{"start":{"line":21,"column":4},"end":{"line":23,"column":5}},{"start":{"line":21,"column":4},"end":{"line":23,"column":5}}],"line":21}},"s":{"0":1,"1":1,"2":1,"3":2,"4":1,"5":1,"6":1,"7":3,"8":1,"9":2},"f":{"0":1,"1":2,"2":1,"3":3},"b":{"0":[1,2]},"_coverageSchema":"332fd63041d2c1bcb487cc26dd0d5f7d97098a6c","hash":"42a88f7c88404c3eb728735adee1fd0d439fb9f0"}
,"/Users/aurimas.darguzis/Documents/Projects/test/react-testing-library/src/post-editor-06-generate-data.js": {"path":"/Users/aurimas.darguzis/Documents/Projects/test/react-testing-library/src/post-editor-06-generate-data.js","statementMap":{"0":{"start":{"line":8,"column":4},"end":{"line":8,"column":22}},"1":{"start":{"line":9,"column":35},"end":{"line":9,"column":52}},"2":{"start":{"line":10,"column":20},"end":{"line":16,"column":5}},"3":{"start":{"line":13,"column":43},"end":{"line":13,"column":51}},"4":{"start":{"line":17,"column":4},"end":{"line":17,"column":35}},"5":{"start":{"line":18,"column":4},"end":{"line":18,"column":65}},"6":{"start":{"line":18,"column":33},"end":{"line":18,"column":64}},"7":{"start":{"line":21,"column":4},"end":{"line":23,"column":5}},"8":{"start":{"line":22,"column":6},"end":{"line":22,"column":32}},"9":{"start":{"line":24,"column":4},"end":{"line":39,"column":5}}},"fnMap":{"0":{"name":"(anonymous_0)","decl":{"start":{"line":7,"column":17},"end":{"line":7,"column":18}},"loc":{"start":{"line":7,"column":22},"end":{"line":19,"column":3}},"line":7},"1":{"name":"(anonymous_1)","decl":{"start":{"line":13,"column":38},"end":{"line":13,"column":39}},"loc":{"start":{"line":13,"column":43},"end":{"line":13,"column":51}},"line":13},"2":{"name":"(anonymous_2)","decl":{"start":{"line":18,"column":27},"end":{"line":18,"column":28}},"loc":{"start":{"line":18,"column":33},"end":{"line":18,"column":64}},"line":18},"3":{"name":"(anonymous_3)","decl":{"start":{"line":20,"column":2},"end":{"line":20,"column":3}},"loc":{"start":{"line":20,"column":11},"end":{"line":40,"column":3}},"line":20}},"branchMap":{"0":{"loc":{"start":{"line":21,"column":4},"end":{"line":23,"column":5}},"type":"if","locations":[{"start":{"line":21,"column":4},"end":{"line":23,"column":5}},{"start":{"line":21,"column":4},"end":{"line":23,"column":5}}],"line":21}},"s":{"0":1,"1":1,"2":1,"3":3,"4":1,"5":1,"6":1,"7":3,"8":1,"9":2},"f":{"0":1,"1":3,"2":1,"3":3},"b":{"0":[1,2]},"_coverageSchema":"332fd63041d2c1bcb487cc26dd0d5f7d97098a6c","hash":"82f41fec22f4fac6b9b917eb918b9cf4dee2f39d"}
,"/Users/aurimas.darguzis/Documents/Projects/test/react-testing-library/src/post-editor-07-error-state.js": {"path":"/Users/aurimas.darguzis/Documents/Projects/test/react-testing-library/src/post-editor-07-error-state.js","statementMap":{"0":{"start":{"line":8,"column":4},"end":{"line":8,"column":22}},"1":{"start":{"line":9,"column":35},"end":{"line":9,"column":52}},"2":{"start":{"line":10,"column":20},"end":{"line":16,"column":5}},"3":{"start":{"line":13,"column":43},"end":{"line":13,"column":51}},"4":{"start":{"line":17,"column":4},"end":{"line":17,"column":35}},"5":{"start":{"line":18,"column":4},"end":{"line":21,"column":5}},"6":{"start":{"line":19,"column":12},"end":{"line":19,"column":43}},"7":{"start":{"line":20,"column":18},"end":{"line":20,"column":78}},"8":{"start":{"line":24,"column":4},"end":{"line":26,"column":5}},"9":{"start":{"line":25,"column":6},"end":{"line":25,"column":32}},"10":{"start":{"line":27,"column":4},"end":{"line":45,"column":5}}},"fnMap":{"0":{"name":"(anonymous_0)","decl":{"start":{"line":7,"column":17},"end":{"line":7,"column":18}},"loc":{"start":{"line":7,"column":22},"end":{"line":22,"column":3}},"line":7},"1":{"name":"(anonymous_1)","decl":{"start":{"line":13,"column":38},"end":{"line":13,"column":39}},"loc":{"start":{"line":13,"column":43},"end":{"line":13,"column":51}},"line":13},"2":{"name":"(anonymous_2)","decl":{"start":{"line":19,"column":6},"end":{"line":19,"column":7}},"loc":{"start":{"line":19,"column":12},"end":{"line":19,"column":43}},"line":19},"3":{"name":"(anonymous_3)","decl":{"start":{"line":20,"column":6},"end":{"line":20,"column":7}},"loc":{"start":{"line":20,"column":18},"end":{"line":20,"column":78}},"line":20},"4":{"name":"(anonymous_4)","decl":{"start":{"line":23,"column":2},"end":{"line":23,"column":3}},"loc":{"start":{"line":23,"column":11},"end":{"line":46,"column":3}},"line":23}},"branchMap":{"0":{"loc":{"start":{"line":24,"column":4},"end":{"line":26,"column":5}},"type":"if","locations":[{"start":{"line":24,"column":4},"end":{"line":26,"column":5}},{"start":{"line":24,"column":4},"end":{"line":26,"column":5}}],"line":24},"1":{"loc":{"start":{"line":41,"column":9},"end":{"line":43,"column":16}},"type":"cond-expr","locations":[{"start":{"line":42,"column":10},"end":{"line":42,"column":64}},{"start":{"line":43,"column":12},"end":{"line":43,"column":16}}],"line":41}},"s":{"0":2,"1":2,"2":2,"3":6,"4":2,"5":2,"6":1,"7":1,"8":6,"9":1,"10":5},"f":{"0":2,"1":6,"2":1,"3":1,"4":6},"b":{"0":[1,5],"1":[1,4]},"_coverageSchema":"332fd63041d2c1bcb487cc26dd0d5f7d97098a6c","hash":"8c50403e2429c9d9c676436f898bc2fa8c954491"}
,"/Users/aurimas.darguzis/Documents/Projects/test/react-testing-library/src/post-editor-08-custom-render.js": {"path":"/Users/aurimas.darguzis/Documents/Projects/test/react-testing-library/src/post-editor-08-custom-render.js","statementMap":{"0":{"start":{"line":8,"column":4},"end":{"line":8,"column":22}},"1":{"start":{"line":9,"column":35},"end":{"line":9,"column":52}},"2":{"start":{"line":10,"column":20},"end":{"line":16,"column":5}},"3":{"start":{"line":13,"column":43},"end":{"line":13,"column":51}},"4":{"start":{"line":17,"column":4},"end":{"line":17,"column":35}},"5":{"start":{"line":18,"column":4},"end":{"line":21,"column":5}},"6":{"start":{"line":19,"column":12},"end":{"line":19,"column":43}},"7":{"start":{"line":20,"column":18},"end":{"line":20,"column":78}},"8":{"start":{"line":24,"column":4},"end":{"line":26,"column":5}},"9":{"start":{"line":25,"column":6},"end":{"line":25,"column":32}},"10":{"start":{"line":27,"column":4},"end":{"line":45,"column":5}}},"fnMap":{"0":{"name":"(anonymous_0)","decl":{"start":{"line":7,"column":17},"end":{"line":7,"column":18}},"loc":{"start":{"line":7,"column":22},"end":{"line":22,"column":3}},"line":7},"1":{"name":"(anonymous_1)","decl":{"start":{"line":13,"column":38},"end":{"line":13,"column":39}},"loc":{"start":{"line":13,"column":43},"end":{"line":13,"column":51}},"line":13},"2":{"name":"(anonymous_2)","decl":{"start":{"line":19,"column":6},"end":{"line":19,"column":7}},"loc":{"start":{"line":19,"column":12},"end":{"line":19,"column":43}},"line":19},"3":{"name":"(anonymous_3)","decl":{"start":{"line":20,"column":6},"end":{"line":20,"column":7}},"loc":{"start":{"line":20,"column":18},"end":{"line":20,"column":78}},"line":20},"4":{"name":"(anonymous_4)","decl":{"start":{"line":23,"column":2},"end":{"line":23,"column":3}},"loc":{"start":{"line":23,"column":11},"end":{"line":46,"column":3}},"line":23}},"branchMap":{"0":{"loc":{"start":{"line":24,"column":4},"end":{"line":26,"column":5}},"type":"if","locations":[{"start":{"line":24,"column":4},"end":{"line":26,"column":5}},{"start":{"line":24,"column":4},"end":{"line":26,"column":5}}],"line":24},"1":{"loc":{"start":{"line":41,"column":9},"end":{"line":43,"column":16}},"type":"cond-expr","locations":[{"start":{"line":42,"column":10},"end":{"line":42,"column":64}},{"start":{"line":43,"column":12},"end":{"line":43,"column":16}}],"line":41}},"s":{"0":2,"1":2,"2":2,"3":6,"4":2,"5":2,"6":1,"7":1,"8":6,"9":1,"10":5},"f":{"0":2,"1":6,"2":1,"3":1,"4":6},"b":{"0":[1,5],"1":[1,4]},"_coverageSchema":"332fd63041d2c1bcb487cc26dd0d5f7d97098a6c","hash":"f1fd6881355f72d7d1a833b5495bc4e8d3bc6c83"}
,"/Users/aurimas.darguzis/Documents/Projects/test/react-testing-library/src/post-editor.js": {"path":"/Users/aurimas.darguzis/Documents/Projects/test/react-testing-library/src/post-editor.js","statementMap":{},"fnMap":{},"branchMap":{},"s":{},"f":{},"b":{},"_coverageSchema":"332fd63041d2c1bcb487cc26dd0d5f7d97098a6c","hash":"6c6d1a208f2ead4c013efdaedb4f830039d5c40d"}
,"/Users/aurimas.darguzis/Documents/Projects/test/react-testing-library/src/redux-app.js": {"path":"/Users/aurimas.darguzis/Documents/Projects/test/react-testing-library/src/redux-app.js","statementMap":{"0":{"start":{"line":8,"column":4},"end":{"line":8,"column":44}},"1":{"start":{"line":12,"column":4},"end":{"line":12,"column":44}},"2":{"start":{"line":16,"column":4},"end":{"line":25,"column":5}},"3":{"start":{"line":33,"column":25},"end":{"line":33,"column":74}},"4":{"start":{"line":33,"column":43},"end":{"line":33,"column":63}},"5":{"start":{"line":37,"column":21},"end":{"line":37,"column":31}},"6":{"start":{"line":39,"column":2},"end":{"line":50,"column":3}},"7":{"start":{"line":41,"column":6},"end":{"line":43,"column":7}},"8":{"start":{"line":45,"column":6},"end":{"line":47,"column":7}},"9":{"start":{"line":49,"column":6},"end":{"line":49,"column":18}}},"fnMap":{"0":{"name":"(anonymous_0)","decl":{"start":{"line":7,"column":14},"end":{"line":7,"column":15}},"loc":{"start":{"line":7,"column":20},"end":{"line":9,"column":3}},"line":7},"1":{"name":"(anonymous_1)","decl":{"start":{"line":11,"column":14},"end":{"line":11,"column":15}},"loc":{"start":{"line":11,"column":20},"end":{"line":13,"column":3}},"line":11},"2":{"name":"(anonymous_2)","decl":{"start":{"line":15,"column":2},"end":{"line":15,"column":3}},"loc":{"start":{"line":15,"column":11},"end":{"line":26,"column":3}},"line":15},"3":{"name":"(anonymous_3)","decl":{"start":{"line":33,"column":33},"end":{"line":33,"column":34}},"loc":{"start":{"line":33,"column":43},"end":{"line":33,"column":63}},"line":33},"4":{"name":"reducer","decl":{"start":{"line":38,"column":9},"end":{"line":38,"column":16}},"loc":{"start":{"line":38,"column":47},"end":{"line":51,"column":1}},"line":38}},"branchMap":{"0":{"loc":{"start":{"line":38,"column":17},"end":{"line":38,"column":37}},"type":"default-arg","locations":[{"start":{"line":38,"column":25},"end":{"line":38,"column":37}}],"line":38},"1":{"loc":{"start":{"line":39,"column":2},"end":{"line":50,"column":3}},"type":"switch","locations":[{"start":{"line":40,"column":4},"end":{"line":43,"column":7}},{"start":{"line":44,"column":4},"end":{"line":47,"column":7}},{"start":{"line":48,"column":4},"end":{"line":49,"column":18}}],"line":39}},"s":{"0":3,"1":2,"2":10,"3":3,"4":10,"5":3,"6":10,"7":3,"8":2,"9":5},"f":{"0":3,"1":2,"2":10,"3":10,"4":10},"b":{"0":[3],"1":[3,2,5]},"_coverageSchema":"332fd63041d2c1bcb487cc26dd0d5f7d97098a6c","hash":"dd35a4e0e1a8801c4220863cf0a54295397eb679"}
,"/Users/aurimas.darguzis/Documents/Projects/test/react-testing-library/src/toggle.js": {"path":"/Users/aurimas.darguzis/Documents/Projects/test/react-testing-library/src/toggle.js","statementMap":{"0":{"start":{"line":5,"column":17},"end":{"line":5,"column":53}},"1":{"start":{"line":5,"column":42},"end":{"line":5,"column":51}},"2":{"start":{"line":7,"column":4},"end":{"line":7,"column":72}}},"fnMap":{"0":{"name":"(anonymous_0)","decl":{"start":{"line":5,"column":11},"end":{"line":5,"column":12}},"loc":{"start":{"line":5,"column":17},"end":{"line":5,"column":53}},"line":5},"1":{"name":"(anonymous_1)","decl":{"start":{"line":5,"column":31},"end":{"line":5,"column":32}},"loc":{"start":{"line":5,"column":42},"end":{"line":5,"column":51}},"line":5},"2":{"name":"(anonymous_2)","decl":{"start":{"line":6,"column":2},"end":{"line":6,"column":3}},"loc":{"start":{"line":6,"column":11},"end":{"line":8,"column":3}},"line":6}},"branchMap":{},"s":{"0":1,"1":1,"2":2},"f":{"0":1,"1":1,"2":2},"b":{},"_coverageSchema":"332fd63041d2c1bcb487cc26dd0d5f7d97098a6c","hash":"27b1e1a49618994a8a32110aacc819423668901b"}
}
