TN:
SF:/Users/aurimas.darguzis/Documents/Projects/test/react-testing-library/src/api.js
FN:4,(anonymous_0)
FN:5,(anonymous_1)
FN:9,savePost
FN:16,loadGreeting
FN:20,fetchRandomGreeting
FN:27,reportError
FNF:6
FNH:0
FNDA:0,(anonymous_0)
FNDA:0,(anonymous_1)
FNDA:0,savePost
FNDA:0,loadGreeting
FNDA:0,fetchRandomGreeting
FNDA:0,reportError
DA:4,1
DA:5,0
DA:6,0
DA:10,0
DA:11,0
DA:14,1
DA:17,0
DA:21,0
DA:22,0
DA:28,0
DA:29,0
LF:11
LH:2
BRF:0
BRH:0
end_of_record
TN:
SF:/Users/aurimas.darguzis/Documents/Projects/test/react-testing-library/src/countdown.js
FN:5,(anonymous_0)
FN:7,(anonymous_1)
FN:19,(anonymous_2)
FN:22,(anonymous_3)
FNF:4
FNH:3
FNDA:1,(anonymous_0)
FNDA:0,(anonymous_1)
FNDA:1,(anonymous_2)
FNDA:1,(anonymous_3)
DA:6,1
DA:7,1
DA:8,0
DA:9,0
DA:10,0
DA:11,0
DA:13,0
DA:20,1
DA:23,1
LF:9
LH:4
BRDA:9,0,0,0
BRDA:9,0,1,0
BRF:2
BRH:0
end_of_record
TN:
SF:/Users/aurimas.darguzis/Documents/Projects/test/react-testing-library/src/error-boundary.js
FN:6,(anonymous_0)
FN:10,(anonymous_1)
FN:11,(anonymous_2)
FNF:3
FNH:3
FNDA:1,(anonymous_0)
FNDA:1,(anonymous_1)
FNDA:5,(anonymous_2)
DA:7,1
DA:8,1
DA:10,1
DA:12,5
LF:4
LH:4
BRDA:12,0,0,2
BRDA:12,0,1,3
BRF:2
BRH:2
end_of_record
TN:
SF:/Users/aurimas.darguzis/Documents/Projects/test/react-testing-library/src/favorite-number.js
FN:6,(anonymous_0)
FN:9,(anonymous_1)
FNF:2
FNH:2
FNDA:3,(anonymous_0)
FNDA:16,(anonymous_1)
DA:7,3
DA:10,16
DA:11,16
DA:12,16
DA:13,16
LF:5
LH:5
BRDA:12,0,0,16
BRDA:12,0,1,4
BRDA:12,0,2,4
BRDA:22,1,0,13
BRDA:22,1,1,3
BRF:5
BRH:5
end_of_record
TN:
SF:/Users/aurimas.darguzis/Documents/Projects/test/react-testing-library/src/greeting-loader-01-mocking.js
FN:7,(anonymous_0)
FN:12,(anonymous_1)
FNF:2
FNH:2
FNDA:2,(anonymous_0)
FNDA:4,(anonymous_1)
DA:8,2
DA:9,2
DA:10,2
DA:13,4
LF:4
LH:4
BRF:0
BRH:0
end_of_record
TN:
SF:/Users/aurimas.darguzis/Documents/Projects/test/react-testing-library/src/greeting-loader-02-dependency-injection.js
FN:8,(anonymous_0)
FN:13,(anonymous_1)
FNF:2
FNH:2
FNDA:1,(anonymous_0)
FNDA:2,(anonymous_1)
DA:9,1
DA:10,1
DA:11,1
DA:14,2
LF:4
LH:4
BRF:0
BRH:0
end_of_record
TN:
SF:/Users/aurimas.darguzis/Documents/Projects/test/react-testing-library/src/hidden-message.js
FN:4,Fade
FN:14,(anonymous_1)
FN:15,(anonymous_2)
FN:17,(anonymous_3)
FNF:4
FNH:4
FNDA:3,Fade
FNDA:2,(anonymous_1)
FNDA:2,(anonymous_2)
FNDA:3,(anonymous_3)
DA:5,3
DA:15,2
DA:18,3
LF:3
LH:3
BRF:0
BRH:0
end_of_record
TN:
SF:/Users/aurimas.darguzis/Documents/Projects/test/react-testing-library/src/main.js
FN:4,(anonymous_0)
FN:7,(anonymous_1)
FN:8,(anonymous_2)
FN:10,Main
FNF:4
FNH:4
FNDA:3,(anonymous_0)
FNDA:3,(anonymous_1)
FNDA:2,(anonymous_2)
FNDA:8,Main
DA:4,3
DA:5,3
DA:7,3
DA:8,3
DA:11,8
LF:5
LH:5
BRF:0
BRH:0
end_of_record
TN:
SF:/Users/aurimas.darguzis/Documents/Projects/test/react-testing-library/src/modal.js
FN:16,(anonymous_0)
FN:19,(anonymous_1)
FN:22,(anonymous_2)
FNF:3
FNH:3
FNDA:1,(anonymous_0)
FNDA:1,(anonymous_1)
FNDA:1,(anonymous_2)
DA:4,1
DA:5,1
DA:6,1
DA:7,1
DA:8,1
DA:17,1
DA:20,1
DA:23,1
LF:8
LH:8
BRDA:5,0,0,1
BRDA:5,0,1,0
BRF:2
BRH:1
end_of_record
TN:
SF:/Users/aurimas.darguzis/Documents/Projects/test/react-testing-library/src/post-editor-01-markup.js
FN:4,(anonymous_0)
FNF:1
FNH:1
FNDA:1,(anonymous_0)
DA:5,1
LF:1
LH:1
BRF:0
BRH:0
end_of_record
TN:
SF:/Users/aurimas.darguzis/Documents/Projects/test/react-testing-library/src/post-editor-02-state.js
FN:5,(anonymous_0)
FN:9,(anonymous_1)
FNF:2
FNH:2
FNDA:1,(anonymous_0)
FNDA:2,(anonymous_1)
DA:6,1
DA:7,1
DA:10,2
LF:3
LH:3
BRF:0
BRH:0
end_of_record
TN:
SF:/Users/aurimas.darguzis/Documents/Projects/test/react-testing-library/src/post-editor-03-api.js
FN:6,(anonymous_0)
FN:12,(anonymous_1)
FN:18,(anonymous_2)
FNF:3
FNH:3
FNDA:1,(anonymous_0)
FNDA:2,(anonymous_1)
FNDA:2,(anonymous_2)
DA:7,1
DA:8,1
DA:9,1
DA:12,2
DA:15,1
DA:16,1
DA:19,2
LF:7
LH:7
BRF:0
BRH:0
end_of_record
TN:
SF:/Users/aurimas.darguzis/Documents/Projects/test/react-testing-library/src/post-editor-04-router-redirect.js
FN:7,(anonymous_0)
FN:13,(anonymous_1)
FN:17,(anonymous_2)
FN:19,(anonymous_3)
FNF:4
FNH:4
FNDA:1,(anonymous_0)
FNDA:2,(anonymous_1)
FNDA:1,(anonymous_2)
FNDA:3,(anonymous_3)
DA:8,1
DA:9,1
DA:10,1
DA:13,2
DA:16,1
DA:17,1
DA:20,3
DA:21,1
DA:23,2
LF:9
LH:9
BRDA:20,0,0,1
BRDA:20,0,1,2
BRF:2
BRH:2
end_of_record
TN:
SF:/Users/aurimas.darguzis/Documents/Projects/test/react-testing-library/src/post-editor-05-dates.js
FN:7,(anonymous_0)
FN:13,(anonymous_1)
FN:18,(anonymous_2)
FN:20,(anonymous_3)
FNF:4
FNH:4
FNDA:1,(anonymous_0)
FNDA:2,(anonymous_1)
FNDA:1,(anonymous_2)
FNDA:3,(anonymous_3)
DA:8,1
DA:9,1
DA:10,1
DA:13,2
DA:17,1
DA:18,1
DA:21,3
DA:22,1
DA:24,2
LF:9
LH:9
BRDA:21,0,0,1
BRDA:21,0,1,2
BRF:2
BRH:2
end_of_record
TN:
SF:/Users/aurimas.darguzis/Documents/Projects/test/react-testing-library/src/post-editor-06-generate-data.js
FN:7,(anonymous_0)
FN:13,(anonymous_1)
FN:18,(anonymous_2)
FN:20,(anonymous_3)
FNF:4
FNH:4
FNDA:1,(anonymous_0)
FNDA:3,(anonymous_1)
FNDA:1,(anonymous_2)
FNDA:3,(anonymous_3)
DA:8,1
DA:9,1
DA:10,1
DA:13,3
DA:17,1
DA:18,1
DA:21,3
DA:22,1
DA:24,2
LF:9
LH:9
BRDA:21,0,0,1
BRDA:21,0,1,2
BRF:2
BRH:2
end_of_record
TN:
SF:/Users/aurimas.darguzis/Documents/Projects/test/react-testing-library/src/post-editor-07-error-state.js
FN:7,(anonymous_0)
FN:13,(anonymous_1)
FN:19,(anonymous_2)
FN:20,(anonymous_3)
FN:23,(anonymous_4)
FNF:5
FNH:5
FNDA:2,(anonymous_0)
FNDA:6,(anonymous_1)
FNDA:1,(anonymous_2)
FNDA:1,(anonymous_3)
FNDA:6,(anonymous_4)
DA:8,2
DA:9,2
DA:10,2
DA:13,6
DA:17,2
DA:18,2
DA:19,1
DA:20,1
DA:24,6
DA:25,1
DA:27,5
LF:11
LH:11
BRDA:24,0,0,1
BRDA:24,0,1,5
BRDA:41,1,0,1
BRDA:41,1,1,4
BRF:4
BRH:4
end_of_record
TN:
SF:/Users/aurimas.darguzis/Documents/Projects/test/react-testing-library/src/post-editor-08-custom-render.js
FN:7,(anonymous_0)
FN:13,(anonymous_1)
FN:19,(anonymous_2)
FN:20,(anonymous_3)
FN:23,(anonymous_4)
FNF:5
FNH:5
FNDA:2,(anonymous_0)
FNDA:6,(anonymous_1)
FNDA:1,(anonymous_2)
FNDA:1,(anonymous_3)
FNDA:6,(anonymous_4)
DA:8,2
DA:9,2
DA:10,2
DA:13,6
DA:17,2
DA:18,2
DA:19,1
DA:20,1
DA:24,6
DA:25,1
DA:27,5
LF:11
LH:11
BRDA:24,0,0,1
BRDA:24,0,1,5
BRDA:41,1,0,1
BRDA:41,1,1,4
BRF:4
BRH:4
end_of_record
TN:
SF:/Users/aurimas.darguzis/Documents/Projects/test/react-testing-library/src/post-editor.js
FNF:0
FNH:0
LF:0
LH:0
BRF:0
BRH:0
end_of_record
TN:
SF:/Users/aurimas.darguzis/Documents/Projects/test/react-testing-library/src/redux-app.js
FN:7,(anonymous_0)
FN:11,(anonymous_1)
FN:15,(anonymous_2)
FN:33,(anonymous_3)
FN:38,reducer
FNF:5
FNH:5
FNDA:3,(anonymous_0)
FNDA:2,(anonymous_1)
FNDA:10,(anonymous_2)
FNDA:10,(anonymous_3)
FNDA:10,reducer
DA:8,3
DA:12,2
DA:16,10
DA:33,10
DA:37,3
DA:39,10
DA:41,3
DA:45,2
DA:49,5
LF:9
LH:9
BRDA:38,0,0,3
BRDA:39,1,0,3
BRDA:39,1,1,2
BRDA:39,1,2,5
BRF:4
BRH:4
end_of_record
TN:
SF:/Users/aurimas.darguzis/Documents/Projects/test/react-testing-library/src/toggle.js
FN:5,(anonymous_0)
FN:5,(anonymous_1)
FN:6,(anonymous_2)
FNF:3
FNH:3
FNDA:1,(anonymous_0)
FNDA:1,(anonymous_1)
FNDA:2,(anonymous_2)
DA:5,1
DA:7,2
LF:2
LH:2
BRF:0
BRH:0
end_of_record
